     1                                 %line 1+1 task3.asm
     2                                 [segment .data]
     3 00000000 506C6561736520696E-     sen1: db "Please input the first number: "
     4 00000000 707574207468652066-
     5 00000000 69727374206E756D62-
     6 00000000 65723A20           
     7 0000001F 506C6561736520696E-     sen2: db "Please input the second number: "
     8 0000001F 707574207468652073-
     9 0000001F 65636F6E64206E756D-
    10 0000001F 6265723A20         
    11                                 
    12                                 [segment .bss]
    13 00000000 01                      input1 db 1
    14 00000001 01                      input2 db 1
    15                                 
    16                                 [segment .text]
    17                                 [global _start]
    18                                 
    19                                 _start:
    20 00000000 48C7C001000000          mov rax, 1
    21 00000007 48C7C701000000          mov rdi, 1
    22 0000000E 48C7C6[00000000]        mov rsi, sen1
    23 00000015 48C7C21F000000          mov rdx, 31
    24 0000001C 0F05                    syscall
    25                                 
    26                                 
    27 0000001E 48C7C000000000          mov rax, 0
    28 00000025 48C7C700000000          mov rdi, 0
    29 0000002C 48C7C6[00000000]        mov rsi, input1
    30 00000033 48C7C202000000          mov rdx, 2
    31 0000003A 0F05                    syscall
    32                                 
    33 0000003C 48C7C001000000          mov rax, 1
    34 00000043 48C7C701000000          mov rdi, 1
    35 0000004A 48C7C6[00000000]        mov rsi, sen2
    36 00000051 48C7C220000000          mov rdx, 32
    37 00000058 0F05                    syscall
    38                                 
    39 0000005A 48C7C000000000          mov rax, 0
    40 00000061 48C7C700000000          mov rdi, 0
    41 00000068 48C7C6[00000000]        mov rsi, input2
    42 0000006F 48C7C202000000          mov rdx, 2
    43 00000076 0F05                    syscall
    44                                 
    45 00000078 48C7C030000000          mov rax, 48
    46 0000007F 48290425[00000000]      sub [input1], rax
    47 00000087 48290425[00000000]      sub [input2], rax
    48                                 
    49 0000008F 488B0425[00000000]      mov rax, [input1]
    50 00000097 48010425[00000000]      add [input2], rax
    51                                 
    52                                 
    53 0000009F 48C7C030000000          mov rax, 48
    54 000000A6 48010425[00000000]      add [input2], rax
    55                                 
    56 000000AE 48C7C001000000          mov rax, 1
    57 000000B5 48C7C701000000          mov rdi, 1
    58 000000BC 48C7C6[00000000]        mov rsi, input2
    59 000000C3 48C7C201000000          mov rdx, 1
    60 000000CA 0F05                    syscall
    61                                 
    62 000000CC 48C7C03C000000          mov rax, 60
    63 000000D3 48C7C700000000          mov rdi, 0
    64 000000DA 0F05                    syscall
